<?xml version="1.0" encoding="UTF-8"?>
<!-- Generated by org.testng.reporters.JUnitReportReporter -->
<testsuite hostname="DESKTOP-A4K1K6J" failures="0" tests="3" name="edu.IFNTUNG.bpbonline.tests.cartTests.softwareCartTests.SoftwareCartTests" time="15.549" errors="0" timestamp="2023-02-20T01:29:57 EET" skipped="0">
  <testcase classname="edu.IFNTUNG.bpbonline.tests.cartTests.softwareCartTests.SoftwareCartTests" name="checkItemPriceInCart" time="6.528"/>
  <system-out/>
  <testcase classname="edu.IFNTUNG.bpbonline.tests.cartTests.softwareCartTests.SoftwareCartTests" name="checkItemPriceInCart" time="4.468"/>
  <system-out/>
  <testcase classname="edu.IFNTUNG.bpbonline.tests.cartTests.softwareCartTests.SoftwareCartTests" name="checkItemPriceInCart" time="4.553"/>
  <system-out/>
</testsuite> <!-- edu.IFNTUNG.bpbonline.tests.cartTests.softwareCartTests.SoftwareCartTests -->
