<?xml version="1.0" encoding="UTF-8"?>
<!-- Generated by org.testng.reporters.JUnitReportReporter -->
<testsuite hostname="DESKTOP-A4K1K6J" failures="0" tests="3" name="edu.IFNTUNG.bpbonline.tests.cartTests.hardwareCartTests.HardwareCartTests" time="32.304" errors="0" timestamp="2023-02-20T01:21:59 EET" skipped="0">
  <testcase classname="edu.IFNTUNG.bpbonline.tests.cartTests.hardwareCartTests.HardwareCartTests" name="checkItemPriceInCart" time="7.072"/>
  <system-out/>
  <testcase classname="edu.IFNTUNG.bpbonline.tests.cartTests.hardwareCartTests.HardwareCartTests" name="checkItemPriceInCart" time="4.572"/>
  <system-out/>
  <testcase classname="edu.IFNTUNG.bpbonline.tests.cartTests.hardwareCartTests.HardwareCartTests" name="checkItemPriceInCart" time="20.660"/>
  <system-out/>
</testsuite> <!-- edu.IFNTUNG.bpbonline.tests.cartTests.hardwareCartTests.HardwareCartTests -->
